Flow report for HW1
Sun Mar 04 10:09:01 2018
Quartus Prime Version 15.1.0 Build 185 10/21/2015 SJ Lite Edition


---------------------
; Table of Contents ;
---------------------
  1. Legal Notice
  2. Flow Summary
  3. Flow Settings
  4. Flow Non-Default Global Settings
  5. Flow Elapsed Time
  6. Flow OS Summary
  7. Flow Log
  8. Flow Messages
  9. Flow Suppressed Messages



----------------
; Legal Notice ;
----------------
Copyright (C) 1991-2015 Altera Corporation. All rights reserved.
Your use of Altera Corporation's design tools, logic functions 
and other software and tools, and its AMPP partner logic 
functions, and any output files from any of the foregoing 
(including device programming or simulation files), and any 
associated documentation or information are expressly subject 
to the terms and conditions of the Altera Program License 
Subscription Agreement, the Altera Quartus Prime License Agreement,
the Altera MegaCore Function License Agreement, or other 
applicable license agreement, including, without limitation, 
that your use is for the sole purpose of programming logic 
devices manufactured by Altera and sold by Altera or its 
authorized distributors.  Please refer to the applicable 
agreement for further details.



+-------------------------------------------------------------------------------+
; Flow Summary                                                                  ;
+---------------------------------+---------------------------------------------+
; Flow Status                     ; Successful - Sun Mar 04 10:09:01 2018       ;
; Quartus Prime Version           ; 15.1.0 Build 185 10/21/2015 SJ Lite Edition ;
; Revision Name                   ; HW1                                         ;
; Top-level Entity Name           ; carr_select_16_using4                       ;
; Family                          ; Cyclone V                                   ;
; Device                          ; 5CGXFC7C7F23C8                              ;
; Timing Models                   ; Final                                       ;
; Logic utilization (in ALMs)     ; 19 / 56,480 ( < 1 % )                       ;
; Total registers                 ; 0                                           ;
; Total pins                      ; 50 / 268 ( 19 % )                           ;
; Total virtual pins              ; 0                                           ;
; Total block memory bits         ; 0 / 7,024,640 ( 0 % )                       ;
; Total DSP Blocks                ; 0 / 156 ( 0 % )                             ;
; Total HSSI RX PCSs              ; 0 / 6 ( 0 % )                               ;
; Total HSSI PMA RX Deserializers ; 0 / 6 ( 0 % )                               ;
; Total HSSI TX PCSs              ; 0 / 6 ( 0 % )                               ;
; Total HSSI PMA TX Serializers   ; 0 / 6 ( 0 % )                               ;
; Total PLLs                      ; 0 / 13 ( 0 % )                              ;
; Total DLLs                      ; 0 / 4 ( 0 % )                               ;
+---------------------------------+---------------------------------------------+


+-----------------------------------------+
; Flow Settings                           ;
+-------------------+---------------------+
; Option            ; Setting             ;
+-------------------+---------------------+
; Start date & time ; 03/04/2018 10:06:52 ;
; Main task         ; Compilation         ;
; Revision Name     ; HW1                 ;
+-------------------+---------------------+


+----------------------------------------------------------------------------------------------------------------------------------+
; Flow Non-Default Global Settings                                                                                                 ;
+-------------------------------------+---------------------------------------+---------------+-----------------------+------------+
; Assignment Name                     ; Value                                 ; Default Value ; Entity Name           ; Section Id ;
+-------------------------------------+---------------------------------------+---------------+-----------------------+------------+
; ALLOW_REGISTER_DUPLICATION          ; Off                                   ; On            ; --                    ; --         ;
; ALLOW_REGISTER_MERGING              ; Off                                   ; On            ; --                    ; --         ;
; ALLOW_REGISTER_RETIMING             ; Off                                   ; On            ; --                    ; --         ;
; COMPILER_SIGNATURE_ID               ; 88491861077401.152014541205804        ; --            ; --                    ; --         ;
; MAX_CORE_JUNCTION_TEMP              ; 85                                    ; --            ; --                    ; --         ;
; MIN_CORE_JUNCTION_TEMP              ; 0                                     ; --            ; --                    ; --         ;
; PARTITION_COLOR                     ; 16764057                              ; --            ; carr_select_16_using4 ; Top        ;
; PARTITION_FITTER_PRESERVATION_LEVEL ; PLACEMENT_AND_ROUTING                 ; --            ; carr_select_16_using4 ; Top        ;
; PARTITION_NETLIST_TYPE              ; SOURCE                                ; --            ; carr_select_16_using4 ; Top        ;
; POWER_BOARD_THERMAL_MODEL           ; None (CONSERVATIVE)                   ; --            ; --                    ; --         ;
; POWER_PRESET_COOLING_SOLUTION       ; 23 MM HEAT SINK WITH 200 LFPM AIRFLOW ; --            ; --                    ; --         ;
; PROJECT_OUTPUT_DIRECTORY            ; output_files                          ; --            ; --                    ; --         ;
; TOP_LEVEL_ENTITY                    ; carr_select_16_using4                 ; HW1           ; --                    ; --         ;
+-------------------------------------+---------------------------------------+---------------+-----------------------+------------+


+--------------------------------------------------------------------------------------------------------------------------+
; Flow Elapsed Time                                                                                                        ;
+----------------------+--------------+-------------------------+---------------------+------------------------------------+
; Module Name          ; Elapsed Time ; Average Processors Used ; Peak Virtual Memory ; Total CPU Time (on all processors) ;
+----------------------+--------------+-------------------------+---------------------+------------------------------------+
; Analysis & Synthesis ; 00:00:19     ; 1.0                     ; 884 MB              ; 00:00:39                           ;
; Fitter               ; 00:01:07     ; 1.0                     ; 2385 MB             ; 00:01:25                           ;
; EDA Netlist Writer   ; 00:00:01     ; 1.0                     ; 802 MB              ; 00:00:01                           ;
; EDA Netlist Writer   ; 00:00:02     ; 1.0                     ; 806 MB              ; 00:00:01                           ;
; Total                ; 00:01:29     ; --                      ; --                  ; 00:02:06                           ;
+----------------------+--------------+-------------------------+---------------------+------------------------------------+


+-----------------------------------------------------------------------------------+
; Flow OS Summary                                                                   ;
+----------------------+------------------+-----------+------------+----------------+
; Module Name          ; Machine Hostname ; OS Name   ; OS Version ; Processor type ;
+----------------------+------------------+-----------+------------+----------------+
; Analysis & Synthesis ; DESKTOP-TVIBIDK  ; Windows 8 ; 6.2        ; x86_64         ;
; Fitter               ; DESKTOP-TVIBIDK  ; Windows 8 ; 6.2        ; x86_64         ;
; EDA Netlist Writer   ; DESKTOP-TVIBIDK  ; Windows 8 ; 6.2        ; x86_64         ;
; EDA Netlist Writer   ; DESKTOP-TVIBIDK  ; Windows 8 ; 6.2        ; x86_64         ;
+----------------------+------------------+-----------+------------+----------------+


------------
; Flow Log ;
------------
quartus_map --read_settings_files=on --write_settings_files=off HW1 -c HW1
quartus_fit --read_settings_files=on --write_settings_files=off HW1 -c HW1
quartus_eda --gen_testbench --tool=modelsim_oem --format=verilog --write_settings_files=off HW1 -c HW1 --vector_source="D:/University/Courses/Computer Architecture/HW1/Waveform2.vwf" --testbench_file="D:/University/Courses/Computer Architecture/HW1/simulation/qsim/Waveform2.vwf.vt"
quartus_eda --write_settings_files=off --functional=on --flatten_buses=off --simulation=on --tool=modelsim_oem --format=verilog --output_directory="D:/University/Courses/Computer Architecture/HW1/simulation/qsim/" HW1 -c HW1



